d:\dropbox\hkujaar2\hoop\of_v0.9.3_vs_release\apps\hoop_andikesaulija\hooples5\mysketch\obj\debug\ofapp.obj
d:\dropbox\hkujaar2\hoop\of_v0.9.3_vs_release\apps\hoop_andikesaulija\hooples5\mysketch\obj\debug\main.obj
d:\dropbox\hkujaar2\hoop\of_v0.9.3_vs_release\apps\hoop_andikesaulija\hooples5\mysketch\obj\debug\spawner.obj
d:\dropbox\hkujaar2\hoop\of_v0.9.3_vs_release\apps\hoop_andikesaulija\hooples5\mysketch\obj\debug\particle.obj
d:\dropbox\hkujaar2\hoop\of_v0.9.3_vs_release\apps\hoop_andikesaulija\hooples5\mysketch\obj\debug\vc140.pdb
d:\dropbox\hkujaar2\hoop\of_v0.9.3_vs_release\apps\hoop_andikesaulija\hooples5\mysketch\bin\mysketch_debug.ilk
d:\dropbox\hkujaar2\hoop\of_v0.9.3_vs_release\apps\hoop_andikesaulija\hooples5\mysketch\bin\mysketch_debug.exe
d:\dropbox\hkujaar2\hoop\of_v0.9.3_vs_release\apps\hoop_andikesaulija\hooples5\mysketch\bin\mysketch_debug.pdb
d:\dropbox\hkujaar2\hoop\of_v0.9.3_vs_release\apps\hoop_andikesaulija\hooples5\mysketch\bin\mysketch_debug.lib
d:\dropbox\hkujaar2\hoop\of_v0.9.3_vs_release\apps\hoop_andikesaulija\hooples5\mysketch\bin\mysketch_debug.exp
d:\dropbox\hkujaar2\hoop\of_v0.9.3_vs_release\apps\hoop_andikesaulija\hooples5\mysketch\obj\debug\icon.res
d:\dropbox\hkujaar2\hoop\of_v0.9.3_vs_release\apps\hoop_andikesaulija\hooples5\mysketch\obj\debug\mysketch.tlog\cl.command.1.tlog
d:\dropbox\hkujaar2\hoop\of_v0.9.3_vs_release\apps\hoop_andikesaulija\hooples5\mysketch\obj\debug\mysketch.tlog\cl.read.1.tlog
d:\dropbox\hkujaar2\hoop\of_v0.9.3_vs_release\apps\hoop_andikesaulija\hooples5\mysketch\obj\debug\mysketch.tlog\cl.write.1.tlog
d:\dropbox\hkujaar2\hoop\of_v0.9.3_vs_release\apps\hoop_andikesaulija\hooples5\mysketch\obj\debug\mysketch.tlog\link.command.1.tlog
d:\dropbox\hkujaar2\hoop\of_v0.9.3_vs_release\apps\hoop_andikesaulija\hooples5\mysketch\obj\debug\mysketch.tlog\link.read.1.tlog
d:\dropbox\hkujaar2\hoop\of_v0.9.3_vs_release\apps\hoop_andikesaulija\hooples5\mysketch\obj\debug\mysketch.tlog\link.write.1.tlog
d:\dropbox\hkujaar2\hoop\of_v0.9.3_vs_release\apps\hoop_andikesaulija\hooples5\mysketch\obj\debug\mysketch.tlog\mysketch.write.1u.tlog
d:\dropbox\hkujaar2\hoop\of_v0.9.3_vs_release\apps\hoop_andikesaulija\hooples5\mysketch\obj\debug\mysketch.tlog\rc.command.1.tlog
d:\dropbox\hkujaar2\hoop\of_v0.9.3_vs_release\apps\hoop_andikesaulija\hooples5\mysketch\obj\debug\mysketch.tlog\rc.read.1.tlog
d:\dropbox\hkujaar2\hoop\of_v0.9.3_vs_release\apps\hoop_andikesaulija\hooples5\mysketch\obj\debug\mysketch.tlog\rc.write.1.tlog
