  main.cpp
  ofApp.cpp
  Spawner.cpp
D:\Dropbox\HKUJaar2\Hoop\of_v0.9.3_vs_release\libs\openFrameworks\math\ofMatrix4x4.h(320): warning C4267: 'argument': conversion from 'size_t' to 'int', possible loss of data (compiling source file src\main.cpp)
D:\Dropbox\HKUJaar2\Hoop\of_v0.9.3_vs_release\libs\openFrameworks\math\ofMatrix4x4.h(325): warning C4267: 'argument': conversion from 'size_t' to 'int', possible loss of data (compiling source file src\main.cpp)
D:\Dropbox\HKUJaar2\Hoop\of_v0.9.3_vs_release\libs\openFrameworks\math\ofMatrix4x4.h(969): warning C4267: 'argument': conversion from 'size_t' to 'int', possible loss of data (compiling source file src\main.cpp)
D:\Dropbox\HKUJaar2\Hoop\of_v0.9.3_vs_release\libs\openFrameworks\math\ofMatrix4x4.h(970): warning C4267: 'argument': conversion from 'size_t' to 'int', possible loss of data (compiling source file src\main.cpp)
D:\Dropbox\HKUJaar2\Hoop\of_v0.9.3_vs_release\libs\openFrameworks\math\ofMatrix4x4.h(971): warning C4267: 'argument': conversion from 'size_t' to 'int', possible loss of data (compiling source file src\main.cpp)
D:\Dropbox\HKUJaar2\Hoop\of_v0.9.3_vs_release\libs\openFrameworks\math\ofMatrix4x4.h(320): warning C4267: 'argument': conversion from 'size_t' to 'int', possible loss of data (compiling source file src\Spawner.cpp)
D:\Dropbox\HKUJaar2\Hoop\of_v0.9.3_vs_release\libs\openFrameworks\math\ofMatrix4x4.h(320): warning C4267: 'argument': conversion from 'size_t' to 'int', possible loss of data (compiling source file src\ofApp.cpp)
D:\Dropbox\HKUJaar2\Hoop\of_v0.9.3_vs_release\libs\openFrameworks\math\ofMatrix4x4.h(972): warning C4267: 'argument': conversion from 'size_t' to 'int', possible loss of data (compiling source file src\main.cpp)
D:\Dropbox\HKUJaar2\Hoop\of_v0.9.3_vs_release\libs\openFrameworks\math\ofMatrix4x4.h(325): warning C4267: 'argument': conversion from 'size_t' to 'int', possible loss of data (compiling source file src\Spawner.cpp)
D:\Dropbox\HKUJaar2\Hoop\of_v0.9.3_vs_release\libs\openFrameworks\math\ofMatrix4x4.h(325): warning C4267: 'argument': conversion from 'size_t' to 'int', possible loss of data (compiling source file src\ofApp.cpp)
D:\Dropbox\HKUJaar2\Hoop\of_v0.9.3_vs_release\libs\openFrameworks\math\ofMatrix4x4.h(969): warning C4267: 'argument': conversion from 'size_t' to 'int', possible loss of data (compiling source file src\ofApp.cpp)
D:\Dropbox\HKUJaar2\Hoop\of_v0.9.3_vs_release\libs\openFrameworks\math\ofMatrix4x4.h(970): warning C4267: 'argument': conversion from 'size_t' to 'int', possible loss of data (compiling source file src\ofApp.cpp)
D:\Dropbox\HKUJaar2\Hoop\of_v0.9.3_vs_release\libs\openFrameworks\math\ofMatrix4x4.h(971): warning C4267: 'argument': conversion from 'size_t' to 'int', possible loss of data (compiling source file src\ofApp.cpp)
D:\Dropbox\HKUJaar2\Hoop\of_v0.9.3_vs_release\libs\openFrameworks\math\ofMatrix4x4.h(972): warning C4267: 'argument': conversion from 'size_t' to 'int', possible loss of data (compiling source file src\ofApp.cpp)
D:\Dropbox\HKUJaar2\Hoop\of_v0.9.3_vs_release\libs\openFrameworks\math\ofMatrix4x4.h(969): warning C4267: 'argument': conversion from 'size_t' to 'int', possible loss of data (compiling source file src\Spawner.cpp)
D:\Dropbox\HKUJaar2\Hoop\of_v0.9.3_vs_release\libs\openFrameworks\math\ofMatrix4x4.h(970): warning C4267: 'argument': conversion from 'size_t' to 'int', possible loss of data (compiling source file src\Spawner.cpp)
D:\Dropbox\HKUJaar2\Hoop\of_v0.9.3_vs_release\libs\openFrameworks\math\ofMatrix4x4.h(971): warning C4267: 'argument': conversion from 'size_t' to 'int', possible loss of data (compiling source file src\Spawner.cpp)
D:\Dropbox\HKUJaar2\Hoop\of_v0.9.3_vs_release\libs\openFrameworks\math\ofMatrix4x4.h(972): warning C4267: 'argument': conversion from 'size_t' to 'int', possible loss of data (compiling source file src\Spawner.cpp)
     Creating library bin\mySketch_debug.lib and object bin\mySketch_debug.exp
Spawner.obj : error LNK2001: unresolved external symbol "private: static class Spawner * Spawner::theOnlyOne" (?theOnlyOne@Spawner@@0PEAV1@EA)
bin\mySketch_debug.exe : fatal error LNK1120: 1 unresolved externals
